<?xml version="1.0" encoding="UTF-8"?>
<!-- Generated by org.testng.reporters.JUnitXMLReporter -->
<testsuite ignored="0" hostname="BRILAP3917" failures="1" tests="1" name="CreateTask Test" time="25.078" errors="0" timestamp="2023-08-07T17:36:10 IST">
  <testcase classname="com.zoho.suite.testcases.creation.CreateTaskTest" name="createTaskTest" time="23.631">
    <failure type="java.lang.AssertionError" message="The following asserts failed:
	Titles do not match. Got title as Zoho | Cloud Software Suite for Businesses,
	Element not found - By.cssSelector: a.zh-login">
      <![CDATA[java.lang.AssertionError: The following asserts failed:
Titles do not match. Got title as Zoho | Cloud Software Suite for Businesses,
Element not found - By.cssSelector: a.zh-login
at com.zoho.web.ZohoValidationDriver.assertAll(ZohoValidationDriver.java:96)
at com.zoho.listener.ZohoEventListener.beforeFindBy(ZohoEventListener.java:34)
at org.openqa.selenium.support.events.EventFiringWebDriver.lambda$new$0(EventFiringWebDriver.java:85)
at jdk.proxy2/jdk.proxy2.$Proxy11.beforeFindBy(Unknown Source)
at org.openqa.selenium.support.events.EventFiringWebDriver.findElement(EventFiringWebDriver.java:193)
at org.openqa.selenium.support.pagefactory.DefaultElementLocator.findElement(DefaultElementLocator.java:68)
at org.openqa.selenium.support.pagefactory.internal.LocatingElementHandler.invoke(LocatingElementHandler.java:38)
at jdk.proxy2/jdk.proxy2.$Proxy16.click(Unknown Source)
at com.zoho.pages.normal.HomePage.gotoEnterUsernamePage(HomePage.java:24)
at com.zoho.suite.testcases.creation.CreateTaskTest.createTaskTest(CreateTaskTest.java:43)
at java.base/java.util.ArrayList.forEach(ArrayList.java:1511)
at java.base/java.util.concurrent.FutureTask.run(FutureTask.java:264)
at java.base/java.util.concurrent.ThreadPoolExecutor.runWorker(ThreadPoolExecutor.java:1136)
at java.base/java.util.concurrent.ThreadPoolExecutor$Worker.run(ThreadPoolExecutor.java:635)
at java.base/java.lang.Thread.run(Thread.java:833)
... Removed 24 stack frames]]>
    </failure>
  </testcase> <!-- createTaskTest -->
</testsuite> <!-- CreateTask Test -->
