<?xml version="1.0" encoding="UTF-8"?>
<!-- Generated by org.testng.reporters.JUnitXMLReporter -->
<testsuite hostname="DESKTOP-V123S32" ignored="0" name="CreateTask Test" tests="3" failures="2" timestamp="2020-05-23T16:44:31 IST" time="59.537" errors="0">
  <testcase name="createTaskTest" time="57.722" classname="com.zoho.suite.testcases.creation.CreateTaskTest">
    <failure type="java.lang.AssertionError" message="The following asserts failed:
	Element not found - By.all({By.cssSelector: div.zl-nth-child1,By.cssSelector: div.zl-nth-child2,By.cssSelector: div.zl-nth-child3,By.cssSelector: div.zl-nth-child4})">
      <![CDATA[java.lang.AssertionError: The following asserts failed:
Element not found - By.all({By.cssSelector: div.zl-nth-child1,By.cssSelector: div.zl-nth-child2,By.cssSelector: div.zl-nth-child3,By.cssSelector: div.zl-nth-child4})
at com.zoho.web.ZohoValidationDriver.assertAll(ZohoValidationDriver.java:96)
at com.zoho.web.ZohoValidationDriver.fail(ZohoValidationDriver.java:135)
at com.zoho.listener.ZohoEventListener.beforeFindBy(ZohoEventListener.java:33)
at org.openqa.selenium.support.events.EventFiringWebDriver.lambda$new$0(EventFiringWebDriver.java:85)
at com.sun.proxy.$Proxy10.beforeFindBy(Unknown Source)
at org.openqa.selenium.support.events.EventFiringWebDriver.findElements(EventFiringWebDriver.java:182)
at org.openqa.selenium.support.pagefactory.DefaultElementLocator.findElements(DefaultElementLocator.java:87)
at org.openqa.selenium.support.pagefactory.internal.LocatingElementListHandler.invoke(LocatingElementListHandler.java:37)
at com.sun.proxy.$Proxy18.size(Unknown Source)
at com.zoho.pages.session.IntermediatePage.validateIntermediatePageOptions(IntermediatePage.java:41)
at com.zoho.suite.testcases.creation.CreateTaskTest.createTaskTest(CreateTaskTest.java:47)
at java.util.ArrayList.forEach(Unknown Source)
at java.util.concurrent.FutureTask.run(Unknown Source)
at java.util.concurrent.ThreadPoolExecutor.runWorker(Unknown Source)
at java.util.concurrent.ThreadPoolExecutor$Worker.run(Unknown Source)
at java.lang.Thread.run(Unknown Source)
... Removed 23 stack frames]]>
    </failure>
  </testcase> <!-- createTaskTest -->
  <testcase name="createLeadTest" time="57.715" classname="com.zoho.suite.testcases.creation.CreateLeadTest">
    <failure type="java.lang.AssertionError" message="The following asserts failed:
	Element not found - By.all({By.cssSelector: div.zl-nth-child1,By.cssSelector: div.zl-nth-child2,By.cssSelector: div.zl-nth-child3,By.cssSelector: div.zl-nth-child4})">
      <![CDATA[java.lang.AssertionError: The following asserts failed:
Element not found - By.all({By.cssSelector: div.zl-nth-child1,By.cssSelector: div.zl-nth-child2,By.cssSelector: div.zl-nth-child3,By.cssSelector: div.zl-nth-child4})
at com.zoho.web.ZohoValidationDriver.assertAll(ZohoValidationDriver.java:96)
at com.zoho.web.ZohoValidationDriver.fail(ZohoValidationDriver.java:135)
at com.zoho.listener.ZohoEventListener.beforeFindBy(ZohoEventListener.java:33)
at org.openqa.selenium.support.events.EventFiringWebDriver.lambda$new$0(EventFiringWebDriver.java:85)
at com.sun.proxy.$Proxy10.beforeFindBy(Unknown Source)
at org.openqa.selenium.support.events.EventFiringWebDriver.findElements(EventFiringWebDriver.java:182)
at org.openqa.selenium.support.pagefactory.DefaultElementLocator.findElements(DefaultElementLocator.java:87)
at org.openqa.selenium.support.pagefactory.internal.LocatingElementListHandler.invoke(LocatingElementListHandler.java:37)
at com.sun.proxy.$Proxy18.size(Unknown Source)
at com.zoho.pages.session.IntermediatePage.validateIntermediatePageOptions(IntermediatePage.java:41)
at com.zoho.suite.testcases.creation.CreateLeadTest.createLeadTest(CreateLeadTest.java:49)
at java.util.ArrayList.forEach(Unknown Source)
at java.util.concurrent.FutureTask.run(Unknown Source)
at java.util.concurrent.ThreadPoolExecutor.runWorker(Unknown Source)
at java.util.concurrent.ThreadPoolExecutor$Worker.run(Unknown Source)
at java.lang.Thread.run(Unknown Source)
... Removed 23 stack frames]]>
    </failure>
  </testcase> <!-- createLeadTest -->
  <testcase name="createLeadTest" time="0.003" classname="com.zoho.suite.testcases.creation.CreateLeadTest">
    <skipped/>
  </testcase> <!-- createLeadTest -->
</testsuite> <!-- CreateTask Test -->
